

Microchip Technology PIC LITE Macro Assembler V1.41 build -162212810 
                                                                                               Sat Jun 13 11:20:23 2020

Microchip Technology Omniscient Code Generator v1.41 (Free mode) build 201701250102
     1                           	processor	16F877A
     2                           	opt	pw 120
     3                           	opt	lm
     4                           	psect	cinit,global,class=CODE,merge=1,delta=2
     5                           	psect	cstackCOMMON,global,class=COMMON,space=1,delta=1
     6                           	psect	maintext,global,class=CODE,split=1,delta=2
     7                           	psect	text1,local,class=CODE,merge=1,delta=2
     8                           	psect	intentry,global,class=CODE,delta=2
     9                           	dabs	1,0x7E,2
    10  0000                     
    11                           ; Version 1.41
    12                           ; Generated 25/01/2017 GMT
    13                           ; 
    14                           ; Copyright © 2017, Microchip Technology Inc. and its subsidiaries ("Microchip")
    15                           ; All rights reserved.
    16                           ; 
    17                           ; This software is developed by Microchip Technology Inc. and its subsidiaries ("Microch
      +                          ip").
    18                           ; 
    19                           ; Redistribution and use in source and binary forms, with or without modification, are
    20                           ; permitted provided that the following conditions are met:
    21                           ; 
    22                           ;     1. Redistributions of source code must retain the above copyright notice, this lis
      +                          t of
    23                           ;        conditions and the following disclaimer.
    24                           ; 
    25                           ;     2. Redistributions in binary form must reproduce the above copyright notice, this 
      +                          list
    26                           ;        of conditions and the following disclaimer in the documentation and/or other
    27                           ;        materials provided with the distribution.
    28                           ; 
    29                           ;     3. Microchip's name may not be used to endorse or promote products derived from th
      +                          is
    30                           ;        software without specific prior written permission.
    31                           ; 
    32                           ; THIS SOFTWARE IS PROVIDED BY MICROCHIP "AS IS" AND ANY EXPRESS OR IMPLIED WARRANTIES,
    33                           ; INCLUDING, BUT NOT LIMITED TO, THE IMPLIED WARRANTIES OF MERCHANTABILITY AND FITNESS F
      +                          OR
    34                           ; PURPOSE ARE DISCLAIMED.  IN NO EVENT SHALL MICROCHIP BE LIABLE FOR ANY DIRECT, INDIREC
      +                          T,
    35                           ; INCIDENTAL, SPECIAL, EXEMPLARY, OR CONSEQUENTIAL DAMAGES (INCLUDING BUT NOT LIMITED TO
    36                           ; PROCUREMENT OF SUBSTITUTE GOODS OR SERVICES; LOSS OF USE, DATA OR PROFITS; OR BUSINESS
    37                           ; INTERRUPTION) HOWSOEVER CAUSED AND ON ANY THEORY OF LIABILITY, WHETHER IN CONTRACT, ST
      +                          RICT
    38                           ; LIABILITY, OR TORT (INCLUDING NEGLIGENCE OR OTHERWISE) ARISING IN ANY WAY OUT OF THE U
      +                          SE OF
    39                           ; THIS SOFTWARE, EVEN IF ADVISED OF THE POSSIBILITY OF SUCH DAMAGE.
    40                           ; 
    41                           ; 
    42                           ; Code-generator required, PIC16F877A Definitions
    43                           ; 
    44                           ; SFR Addresses
    45  0000                     	;# 
    46  0001                     	;# 
    47  0002                     	;# 
    48  0003                     	;# 
    49  0004                     	;# 
    50  0005                     	;# 
    51  0006                     	;# 
    52  0007                     	;# 
    53  0008                     	;# 
    54  0009                     	;# 
    55  000A                     	;# 
    56  000B                     	;# 
    57  000C                     	;# 
    58  000D                     	;# 
    59  000E                     	;# 
    60  000E                     	;# 
    61  000F                     	;# 
    62  0010                     	;# 
    63  0011                     	;# 
    64  0012                     	;# 
    65  0013                     	;# 
    66  0014                     	;# 
    67  0015                     	;# 
    68  0015                     	;# 
    69  0016                     	;# 
    70  0017                     	;# 
    71  0018                     	;# 
    72  0019                     	;# 
    73  001A                     	;# 
    74  001B                     	;# 
    75  001B                     	;# 
    76  001C                     	;# 
    77  001D                     	;# 
    78  001E                     	;# 
    79  001F                     	;# 
    80  0081                     	;# 
    81  0085                     	;# 
    82  0086                     	;# 
    83  0087                     	;# 
    84  0088                     	;# 
    85  0089                     	;# 
    86  008C                     	;# 
    87  008D                     	;# 
    88  008E                     	;# 
    89  0091                     	;# 
    90  0092                     	;# 
    91  0093                     	;# 
    92  0094                     	;# 
    93  0098                     	;# 
    94  0099                     	;# 
    95  009C                     	;# 
    96  009D                     	;# 
    97  009E                     	;# 
    98  009F                     	;# 
    99  010C                     	;# 
   100  010D                     	;# 
   101  010E                     	;# 
   102  010F                     	;# 
   103  018C                     	;# 
   104  018D                     	;# 
   105  0015                     _CCPR1	set	21
   106  000E                     _TMR1	set	14
   107  0008                     _PORTD	set	8
   108  0006                     _PORTB	set	6
   109  0062                     _CCP1IF	set	98
   110  005F                     _GIE	set	95
   111  005E                     _PEIE	set	94
   112  0080                     _TMR1ON	set	128
   113  0082                     _T1SYNC	set	130
   114  0085                     _T1CKPS1	set	133
   115  0084                     _T1CKPS0	set	132
   116  0081                     _TMR1CS	set	129
   117  0083                     _T1OSCEN	set	131
   118  00BB                     _CCP1M3	set	187
   119  00BA                     _CCP1M2	set	186
   120  00B9                     _CCP1M1	set	185
   121  00B8                     _CCP1M0	set	184
   122  0088                     _TRISD	set	136
   123  0086                     _TRISB	set	134
   124  0462                     _CCP1IE	set	1122
   125  043A                     _TRISC2	set	1082
   126  0439                     _TRISC1	set	1081
   127                           
   128                           ; #config settings
   129  0000                     
   130                           	psect	cinit
   131  0015                     start_initialization:	
   132  0015                     __initialization:	
   133  0015                     end_of_initialization:	
   134                           ;End of C runtime variable initialization code
   135                           
   136  0015                     __end_of__initialization:	
   137  0015  0183               	clrf	3
   138  0016  120A  118A  2819   	ljmp	_main	;jump to C main() function
   139                           
   140                           	psect	cstackCOMMON
   141  0070                     __pcstackCOMMON:	
   142  0070                     ?_main:	
   143  0070                     ?_ISR:	
   144                           ; 1 bytes @ 0x0
   145                           
   146  0070                     ??_ISR:	
   147                           ; 1 bytes @ 0x0
   148                           
   149                           
   150                           ; 1 bytes @ 0x0
   151  0070                     	ds	4
   152  0074                     ??_main:	
   153                           
   154                           	psect	maintext
   155  0019                     __pmaintext:	
   156                           ; 1 bytes @ 0x4
   157 ;;
   158 ;;Main: autosize = 0, tempsize = 0, incstack = 0, save=0
   159 ;;
   160 ;; *************** function _main *****************
   161 ;; Defined at:
   162 ;;		line 12 in file "main.c"
   163 ;; Parameters:    Size  Location     Type
   164 ;;		None
   165 ;; Auto vars:     Size  Location     Type
   166 ;;		None
   167 ;; Return value:  Size  Location     Type
   168 ;;                  1    wreg      void 
   169 ;; Registers used:
   170 ;;		wreg, status,2
   171 ;; Tracked objects:
   172 ;;		On entry : B00/0
   173 ;;		On exit  : 0/0
   174 ;;		Unchanged: 0/0
   175 ;; Data sizes:     COMMON   BANK0   BANK1   BANK3   BANK2
   176 ;;      Params:         0       0       0       0       0
   177 ;;      Locals:         0       0       0       0       0
   178 ;;      Temps:          0       0       0       0       0
   179 ;;      Totals:         0       0       0       0       0
   180 ;;Total ram usage:        0 bytes
   181 ;; Hardware stack levels required when called:    1
   182 ;; This function calls:
   183 ;;		Nothing
   184 ;; This function is called by:
   185 ;;		Startup code after reset
   186 ;; This function uses a non-reentrant model
   187 ;;
   188                           
   189                           
   190                           ;psect for function _main
   191  0019                     _main:	
   192                           
   193                           ;main.c: 13: TRISC1=1;
   194                           
   195                           ;incstack = 0
   196                           ; Regs used in _main: [wreg+status,2]
   197  0019  1683               	bsf	3,5	;RP0=1, select bank1
   198  001A  1303               	bcf	3,6	;RP1=0, select bank1
   199  001B  1487               	bsf	7,1	;volatile
   200                           
   201                           ;main.c: 14: TRISC2=1;
   202  001C  1507               	bsf	7,2	;volatile
   203                           
   204                           ;main.c: 15: TRISB=0x00;
   205  001D  0186               	clrf	6	;volatile
   206                           
   207                           ;main.c: 16: TRISD=0x00;
   208  001E  0188               	clrf	8	;volatile
   209                           
   210                           ;main.c: 17: PORTB=0;
   211  001F  1283               	bcf	3,5	;RP0=0, select bank0
   212  0020  1303               	bcf	3,6	;RP1=0, select bank0
   213  0021  0186               	clrf	6	;volatile
   214                           
   215                           ;main.c: 19: CCP1M0=1;
   216  0022  1417               	bsf	23,0	;volatile
   217                           
   218                           ;main.c: 20: CCP1M1=0;
   219  0023  1097               	bcf	23,1	;volatile
   220                           
   221                           ;main.c: 21: CCP1M2=1;
   222  0024  1517               	bsf	23,2	;volatile
   223                           
   224                           ;main.c: 22: CCP1M3=0;
   225  0025  1197               	bcf	23,3	;volatile
   226                           
   227                           ;main.c: 24: TMR1=0;
   228  0026  018E               	clrf	14	;volatile
   229  0027  018F               	clrf	15	;volatile
   230                           
   231                           ;main.c: 25: T1OSCEN=1;
   232  0028  1590               	bsf	16,3	;volatile
   233                           
   234                           ;main.c: 26: TMR1CS=1;
   235  0029  1490               	bsf	16,1	;volatile
   236                           
   237                           ;main.c: 27: T1CKPS0=0;
   238  002A  1210               	bcf	16,4	;volatile
   239                           
   240                           ;main.c: 28: T1CKPS1=0;
   241  002B  1290               	bcf	16,5	;volatile
   242                           
   243                           ;main.c: 29: T1SYNC=0;
   244  002C  1110               	bcf	16,2	;volatile
   245                           
   246                           ;main.c: 30: TMR1ON=1;
   247  002D  1410               	bsf	16,0	;volatile
   248                           
   249                           ;main.c: 32: CCPR1=0;
   250  002E  0195               	clrf	21	;volatile
   251  002F  0196               	clrf	22	;volatile
   252                           
   253                           ;main.c: 33: CCP1IE=1;
   254  0030  1683               	bsf	3,5	;RP0=1, select bank1
   255  0031  1303               	bcf	3,6	;RP1=0, select bank1
   256  0032  150C               	bsf	12,2	;volatile
   257                           
   258                           ;main.c: 34: PEIE=1;
   259  0033  170B               	bsf	11,6	;volatile
   260                           
   261                           ;main.c: 35: GIE=1;
   262  0034  178B               	bsf	11,7	;volatile
   263  0035                     l544:	
   264                           ;main.c: 36: while (1){
   265                           
   266                           
   267                           ;main.c: 37: PORTD=TMR1;
   268  0035  1283               	bcf	3,5	;RP0=0, select bank0
   269  0036  080E               	movf	14,w	;volatile
   270  0037  0088               	movwf	8	;volatile
   271  0038  2835               	goto	l544
   272  0039                     __end_of_main:	
   273                           ;main.c: 39: }
   274                           ;main.c: 42: return;
   275                           
   276                           
   277                           	psect	text1
   278  0039                     __ptext1:	
   279 ;; *************** function _ISR *****************
   280 ;; Defined at:
   281 ;;		line 44 in file "main.c"
   282 ;; Parameters:    Size  Location     Type
   283 ;;		None
   284 ;; Auto vars:     Size  Location     Type
   285 ;;		None
   286 ;; Return value:  Size  Location     Type
   287 ;;                  1    wreg      void 
   288 ;; Registers used:
   289 ;;		wreg
   290 ;; Tracked objects:
   291 ;;		On entry : 0/0
   292 ;;		On exit  : 0/0
   293 ;;		Unchanged: 0/0
   294 ;; Data sizes:     COMMON   BANK0   BANK1   BANK3   BANK2
   295 ;;      Params:         0       0       0       0       0
   296 ;;      Locals:         0       0       0       0       0
   297 ;;      Temps:          4       0       0       0       0
   298 ;;      Totals:         4       0       0       0       0
   299 ;;Total ram usage:        4 bytes
   300 ;; Hardware stack levels used:    1
   301 ;; This function calls:
   302 ;;		Nothing
   303 ;; This function is called by:
   304 ;;		Interrupt level 1
   305 ;; This function uses a non-reentrant model
   306 ;;
   307                           
   308                           
   309                           ;psect for function _ISR
   310  0039                     _ISR:	
   311                           
   312                           ;main.c: 45: if (CCP1IF){
   313  0039  1D0C               	btfss	12,2	;volatile
   314  003A  283E               	goto	i1l54
   315                           
   316                           ;main.c: 46: PORTB=CCPR1;
   317  003B  0815               	movf	21,w	;volatile
   318  003C  0086               	movwf	6	;volatile
   319                           
   320                           ;main.c: 47: CCP1IF=0;
   321  003D  110C               	bcf	12,2	;volatile
   322  003E                     i1l54:	
   323  003E  0873               	movf	??_ISR+3,w
   324  003F  00FF               	movwf	127
   325  0040  0872               	movf	??_ISR+2,w
   326  0041  008A               	movwf	10
   327  0042  0871               	movf	??_ISR+1,w
   328  0043  0084               	movwf	4
   329  0044  0E70               	swapf	??_ISR^(0+-128),w
   330  0045  0083               	movwf	3
   331  0046  0EFE               	swapf	126,f
   332  0047  0E7E               	swapf	126,w
   333  0048  0009               	retfie
   334  0049                     __end_of_ISR:	
   335  007E                     btemp	set	126	;btemp
   336  007E                     wtemp0	set	126
   337                           
   338                           	psect	intentry
   339  0004                     __pintentry:	
   340                           ;incstack = 0
   341                           ; Regs used in _ISR: [wreg]
   342                           
   343  0004                     interrupt_function:	
   344  007E                     saved_w	set	btemp
   345  0004  00FE               	movwf	btemp
   346  0005  0E03               	swapf	3,w
   347  0006  00F0               	movwf	??_ISR
   348  0007  0804               	movf	4,w
   349  0008  00F1               	movwf	??_ISR+1
   350  0009  080A               	movf	10,w
   351  000A  00F2               	movwf	??_ISR+2
   352  000B  1283               	bcf	3,5	;RP0=0, select bank0
   353  000C  1303               	bcf	3,6	;RP1=0, select bank0
   354  000D  087F               	movf	btemp+1,w
   355  000E  00F3               	movwf	??_ISR+3
   356  000F  120A  118A  2839   	ljmp	_ISR


Data Sizes:
    Strings     0
    Constant    0
    Data        0
    BSS         0
    Persistent  0
    Stack       0

Auto Spaces:
    Space          Size  Autos    Used
    COMMON           14      4       4
    BANK0            80      0       0
    BANK1            80      0       0
    BANK3            96      0       0
    BANK2            96      0       0

Pointer List with Targets:

    None.

Critical Paths under _main in COMMON

    None.

Critical Paths under _ISR in COMMON

    None.

Critical Paths under _main in BANK0

    None.

Critical Paths under _ISR in BANK0

    None.

Critical Paths under _main in BANK1

    None.

Critical Paths under _ISR in BANK1

    None.

Critical Paths under _main in BANK3

    None.

Critical Paths under _ISR in BANK3

    None.

Critical Paths under _main in BANK2

    None.

Critical Paths under _ISR in BANK2

    None.

Call Graph Tables:

 ---------------------------------------------------------------------------------
 (Depth) Function   	        Calls       Base Space   Used Autos Params    Refs
 ---------------------------------------------------------------------------------
 (0) _main                                                 0     0      0       0
 ---------------------------------------------------------------------------------
 Estimated maximum stack depth 0
 ---------------------------------------------------------------------------------
 (Depth) Function   	        Calls       Base Space   Used Autos Params    Refs
 ---------------------------------------------------------------------------------
 (1) _ISR                                                  4     4      0       0
                                              0 COMMON     4     4      0
 ---------------------------------------------------------------------------------
 Estimated maximum stack depth 1
 ---------------------------------------------------------------------------------

 Call Graph Graphs:

 _main (ROOT)

 _ISR (ROOT)

 Address spaces:
Name               Size   Autos  Total    Cost      Usage
BITCOMMON            E      0       0       0        0.0%
EEDATA             100      0       0       0        0.0%
NULL                 0      0       0       0        0.0%
CODE                 0      0       0       0        0.0%
COMMON               E      4       4       1       28.6%
BITSFR0              0      0       0       1        0.0%
SFR0                 0      0       0       1        0.0%
BITSFR1              0      0       0       2        0.0%
SFR1                 0      0       0       2        0.0%
STACK                0      0       0       2        0.0%
ABS                  0      0       0       3        0.0%
BITBANK0            50      0       0       4        0.0%
BITSFR3              0      0       0       4        0.0%
SFR3                 0      0       0       4        0.0%
BANK0               50      0       0       5        0.0%
BITSFR2              0      0       0       5        0.0%
SFR2                 0      0       0       5        0.0%
BITBANK1            50      0       0       6        0.0%
BANK1               50      0       0       7        0.0%
BITBANK3            60      0       0       8        0.0%
BANK3               60      0       0       9        0.0%
BITBANK2            60      0       0      10        0.0%
BANK2               60      0       0      11        0.0%
DATA                 0      0       0      12        0.0%


Microchip Technology PIC Macro Assembler V1.41 build -162212810 
Symbol Table                                                                                   Sat Jun 13 11:20:23 2020

            __CFG_CP$OFF 0000                      l544 0035                      _GIE 005F  
           __CFG_CPD$OFF 0000                      _ISR 0039                      fsr0 0004  
           __CFG_FOSC$XT 0000             __CFG_LVP$OFF 0000                     ?_ISR 0070  
                   _PEIE 005E                     i1l54 003E                     _TMR1 000E  
           __CFG_WRT$OFF 0000                     _main 0019                     btemp 007E  
          __CFG_BOREN$ON 0000                     start 0012                    ??_ISR 0070  
                  ?_main 0070                    _CCPR1 0015            __CFG_WDTE$OFF 0000  
                  _PORTB 0006                    _PORTD 0008                    _TRISB 0086  
                  _TRISD 0088            __CFG_PWRTE$ON 0000                    pclath 000A  
                  status 0003                    wtemp0 007E          __initialization 0015  
           __end_of_main 0039                   ??_main 0074                   _CCP1M0 00B8  
                 _CCP1M1 00B9                   _CCP1M2 00BA                   _CCP1M3 00BB  
                 _CCP1IE 0462                   _CCP1IF 0062                   _T1SYNC 0082  
                 _TMR1CS 0081                   _TMR1ON 0080                   _TRISC1 0439  
                 _TRISC2 043A                   saved_w 007E  __end_of__initialization 0015  
         __pcstackCOMMON 0070               __pmaintext 0019               __pintentry 0004  
                _T1CKPS0 0084                  _T1CKPS1 0085                  _T1OSCEN 0083  
                __ptext1 0039             __size_of_ISR 0010     end_of_initialization 0015  
    start_initialization 0015              __end_of_ISR 0049                ___latbits 0002  
      interrupt_function 0004            __size_of_main 0020                 intlevel1 0000  
